<?xml version="1.0" encoding="UTF-8"?>
<testng-results ignored="0" total="1" passed="1" failed="0" skipped="0">
  <reporter-output>
  </reporter-output>
  <suite started-at="2023-06-02T19:32:47 IST" name="Default suite" finished-at="2023-06-02T19:32:53 IST" duration-ms="5651">
    <groups>
    </groups>
    <test started-at="2023-06-02T19:32:47 IST" name="Default test" finished-at="2023-06-02T19:32:53 IST" duration-ms="5651">
      <class name="com.dummyrestapiexample.Project_1.DeleteEmpRecord">
        <test-method signature="delEmpRecord()[pri:0, instance:com.dummyrestapiexample.Project_1.DeleteEmpRecord@4e858e0a]" started-at="2023-06-02T19:32:48 IST" name="delEmpRecord" finished-at="2023-06-02T19:32:53 IST" duration-ms="5600" status="PASS">
          <reporter-output>
          </reporter-output>
        </test-method> <!-- delEmpRecord -->
      </class> <!-- com.dummyrestapiexample.Project_1.DeleteEmpRecord -->
    </test> <!-- Default test -->
  </suite> <!-- Default suite -->
</testng-results>
