<?xml version="1.0" encoding="UTF-8"?>
<testng-results ignored="0" total="1" passed="1" failed="0" skipped="0">
  <reporter-output>
  </reporter-output>
  <suite started-at="2023-06-01T08:51:20 IST" name="Default suite" finished-at="2023-06-01T08:51:24 IST" duration-ms="3704">
    <groups>
    </groups>
    <test started-at="2023-06-01T08:51:20 IST" name="Default test" finished-at="2023-06-01T08:51:24 IST" duration-ms="3704">
      <class name="CrudOperations.Project_2.Api_2_Post">
        <test-method signature="apiPost()[pri:0, instance:CrudOperations.Project_2.Api_2_Post@134d26af]" started-at="2023-06-01T08:51:20 IST" name="apiPost" finished-at="2023-06-01T08:51:24 IST" duration-ms="3654" status="PASS">
          <reporter-output>
          </reporter-output>
        </test-method> <!-- apiPost -->
      </class> <!-- CrudOperations.Project_2.Api_2_Post -->
    </test> <!-- Default test -->
  </suite> <!-- Default suite -->
</testng-results>
